# JRE version: 7.0_25-b17
# Java VM: Java HotSpot(TM) 64-Bit Server VM (23.25-b01 mixed mode windows-amd64 compressed oops)
Heap
 PSYoungGen      total 27904K, used 17171K [0x00000007d58b0000, 0x00000007d81f0000, 0x0000000800000000)
  eden space 27776K, 61% used [0x00000007d58b0000,0x00000007d6954d68,0x00000007d73d0000)
  from space 128K, 100% used [0x00000007d7470000,0x00000007d7490000,0x00000007d7490000)
  to   space 7232K, 0% used [0x00000007d7ae0000,0x00000007d7ae0000,0x00000007d81f0000)
 ParOldGen       total 86976K, used 6165K [0x0000000780a00000, 0x0000000785ef0000, 0x00000007d58b0000)
  object space 86976K, 7% used [0x0000000780a00000,0x0000000781005428,0x0000000785ef0000)
 PSPermGen       total 21248K, used 18704K [0x000000077b800000, 0x000000077ccc0000, 0x0000000780a00000)
  object space 21248K, 88% used [0x000000077b800000,0x000000077ca44140,0x000000077ccc0000)
GC Heap History (10 events):
Event: 22.632 GC heap before
{Heap before GC invocations=7 (full 0):
 PSYoungGen      total 36224K, used 36111K [0x00000007d58b0000, 0x00000007d8280000, 0x0000000800000000)
  eden space 31168K, 100% used [0x00000007d58b0000,0x00000007d7720000,0x00000007d7720000)
  from space 5056K, 97% used [0x00000007d7d90000,0x00000007d8263d90,0x00000007d8280000)
  to   space 5824K, 0% used [0x00000007d7720000,0x00000007d7720000,0x00000007d7cd0000)
 ParOldGen       total 86976K, used 1035K [0x0000000780a00000, 0x0000000785ef0000, 0x00000007d58b0000)
  object space 86976K, 1% used [0x0000000780a00000,0x0000000780b02ef0,0x0000000785ef0000)
 PSPermGen       total 21248K, used 18605K [0x000000077b800000, 0x000000077ccc0000, 0x0000000780a00000)
  object space 21248K, 87% used [0x000000077b800000,0x000000077ca2b560,0x000000077ccc0000)
Event: 22.637 GC heap after
Heap after GC invocations=7 (full 0):
 PSYoungGen      total 32640K, used 2136K [0x00000007d58b0000, 0x00000007d8290000, 0x0000000800000000)
  eden space 30464K, 0% used [0x00000007d58b0000,0x00000007d58b0000,0x00000007d7670000)
  from space 2176K, 98% used [0x00000007d7720000,0x00000007d7936228,0x00000007d7940000)
  to   space 6208K, 0% used [0x00000007d7c80000,0x00000007d7c80000,0x00000007d8290000)
 ParOldGen       total 86976K, used 3694K [0x0000000780a00000, 0x0000000785ef0000, 0x00000007d58b0000)
  object space 86976K, 4% used [0x0000000780a00000,0x0000000780d9b8e8,0x0000000785ef0000)
 PSPermGen       total 21248K, used 18605K [0x000000077b800000, 0x000000077ccc0000, 0x0000000780a00000)
  object space 21248K, 87% used [0x000000077b800000,0x000000077ca2b560,0x000000077ccc0000)
}
Event: 26.347 GC heap before
{Heap before GC invocations=8 (full 0):
 PSYoungGen      total 32640K, used 32600K [0x00000007d58b0000, 0x00000007d8290000, 0x0000000800000000)
  eden space 30464K, 100% used [0x00000007d58b0000,0x00000007d7670000,0x00000007d7670000)
  from space 2176K, 98% used [0x00000007d7720000,0x00000007d7936228,0x00000007d7940000)
  to   space 6208K, 0% used [0x00000007d7c80000,0x00000007d7c80000,0x00000007d8290000)
 ParOldGen       total 86976K, used 3694K [0x0000000780a00000, 0x0000000785ef0000, 0x00000007d58b0000)
  object space 86976K, 4% used [0x0000000780a00000,0x0000000780d9b8e8,0x0000000785ef0000)
 PSPermGen       total 21248K, used 18622K [0x000000077b800000, 0x000000077ccc0000, 0x0000000780a00000)
  object space 21248K, 87% used [0x000000077b800000,0x000000077ca2f8b8,0x000000077ccc0000)
Event: 26.350 GC heap after
Heap after GC invocations=8 (full 0):
 PSYoungGen      total 35968K, used 496K [0x00000007d58b0000, 0x00000007d82e0000, 0x0000000800000000)
  eden space 29760K, 0% used [0x00000007d58b0000,0x00000007d58b0000,0x00000007d75c0000)
  from space 6208K, 7% used [0x00000007d7c80000,0x00000007d7cfc090,0x00000007d8290000)
  to   space 6720K, 0% used [0x00000007d75c0000,0x00000007d75c0000,0x00000007d7c50000)
 ParOldGen       total 86976K, used 5363K [0x0000000780a00000, 0x0000000785ef0000, 0x00000007d58b0000)
  object space 86976K, 6% used [0x0000000780a00000,0x0000000780f3cee8,0x0000000785ef0000)
 PSPermGen       total 21248K, used 18622K [0x000000077b800000, 0x000000077ccc0000, 0x0000000780a00000)
  object space 21248K, 87% used [0x000000077b800000,0x000000077ca2f8b8,0x000000077ccc0000)
}
Event: 30.565 GC heap before
{Heap before GC invocations=9 (full 0):
 PSYoungGen      total 35968K, used 30256K [0x00000007d58b0000, 0x00000007d82e0000, 0x0000000800000000)
  eden space 29760K, 100% used [0x00000007d58b0000,0x00000007d75c0000,0x00000007d75c0000)
  from space 6208K, 7% used [0x00000007d7c80000,0x00000007d7cfc090,0x00000007d8290000)
  to   space 6720K, 0% used [0x00000007d75c0000,0x00000007d75c0000,0x00000007d7c50000)
 ParOldGen       total 86976K, used 5363K [0x0000000780a00000, 0x0000000785ef0000, 0x00000007d58b0000)
  object space 86976K, 6% used [0x0000000780a00000,0x0000000780f3cee8,0x0000000785ef0000)
 PSPermGen       total 21248K, used 18649K [0x000000077b800000, 0x000000077ccc0000, 0x0000000780a00000)
  object space 21248K, 87% used [0x000000077b800000,0x000000077ca365b0,0x000000077ccc0000)
Event: 30.566 GC heap after
Heap after GC invocations=9 (full 0):
 PSYoungGen      total 29632K, used 544K [0x00000007d58b0000, 0x00000007d82b0000, 0x0000000800000000)
  eden space 29056K, 0% used [0x00000007d58b0000,0x00000007d58b0000,0x00000007d7510000)
  from space 576K, 94% used [0x00000007d75c0000,0x00000007d7648000,0x00000007d7650000)
  to   space 6976K, 0% used [0x00000007d7be0000,0x00000007d7be0000,0x00000007d82b0000)
 ParOldGen       total 86976K, used 5756K [0x0000000780a00000, 0x0000000785ef0000, 0x00000007d58b0000)
  object space 86976K, 6% used [0x0000000780a00000,0x0000000780f9f188,0x0000000785ef0000)
 PSPermGen       total 21248K, used 18649K [0x000000077b800000, 0x000000077ccc0000, 0x0000000780a00000)
  object space 21248K, 87% used [0x000000077b800000,0x000000077ca365b0,0x000000077ccc0000)
}
Event: 34.048 GC heap before
{Heap before GC invocations=10 (full 0):
 PSYoungGen      total 29632K, used 29600K [0x00000007d58b0000, 0x00000007d82b0000, 0x0000000800000000)
  eden space 29056K, 100% used [0x00000007d58b0000,0x00000007d7510000,0x00000007d7510000)
  from space 576K, 94% used [0x00000007d75c0000,0x00000007d7648000,0x00000007d7650000)
  to   space 6976K, 0% used [0x00000007d7be0000,0x00000007d7be0000,0x00000007d82b0000)
 ParOldGen       total 86976K, used 5756K [0x0000000780a00000, 0x0000000785ef0000, 0x00000007d58b0000)
  object space 86976K, 6% used [0x0000000780a00000,0x0000000780f9f188,0x0000000785ef0000)
 PSPermGen       total 21248K, used 18670K [0x000000077b800000, 0x000000077ccc0000, 0x0000000780a00000)
  object space 21248K, 87% used [0x000000077b800000,0x000000077ca3bbb8,0x000000077ccc0000)
Event: 34.049 GC heap after
Heap after GC invocations=10 (full 0):
 PSYoungGen      total 35136K, used 480K [0x00000007d58b0000, 0x00000007d8270000, 0x0000000800000000)
  eden space 28416K, 0% used [0x00000007d58b0000,0x00000007d58b0000,0x00000007d7470000)
  from space 6720K, 7% used [0x00000007d7be0000,0x00000007d7c58000,0x00000007d8270000)
  to   space 7168K, 0% used [0x00000007d7470000,0x00000007d7470000,0x00000007d7b70000)
 ParOldGen       total 86976K, used 5764K [0x0000000780a00000, 0x0000000785ef0000, 0x00000007d58b0000)
  object space 86976K, 6% used [0x0000000780a00000,0x0000000780fa1188,0x0000000785ef0000)
 PSPermGen       total 21248K, used 18670K [0x000000077b800000, 0x000000077ccc0000, 0x0000000780a00000)
  object space 21248K, 87% used [0x000000077b800000,0x000000077ca3bbb8,0x000000077ccc0000)
}
Event: 38.897 GC heap before
{Heap before GC invocations=11 (full 0):
 PSYoungGen      total 35136K, used 28896K [0x00000007d58b0000, 0x00000007d8270000, 0x0000000800000000)
  eden space 28416K, 100% used [0x00000007d58b0000,0x00000007d7470000,0x00000007d7470000)
  from space 6720K, 7% used [0x00000007d7be0000,0x00000007d7c58000,0x00000007d8270000)
  to   space 7168K, 0% used [0x00000007d7470000,0x00000007d7470000,0x00000007d7b70000)
 ParOldGen       total 86976K, used 5764K [0x0000000780a00000, 0x0000000785ef0000, 0x00000007d58b0000)
  object space 86976K, 6% used [0x0000000780a00000,0x0000000780fa1188,0x0000000785ef0000)
 PSPermGen       total 21248K, used 18693K [0x000000077b800000, 0x000000077ccc0000, 0x0000000780a00000)
  object space 21248K, 87% used [0x000000077b800000,0x000000077ca416f0,0x000000077ccc0000)
Event: 38.898 GC heap after
Heap after GC invocations=11 (full 0):
 PSYoungGen      total 27904K, used 128K [0x00000007d58b0000, 0x00000007d81f0000, 0x0000000800000000)
  eden space 27776K, 0% used [0x00000007d58b0000,0x00000007d58b0000,0x00000007d73d0000)
  from space 128K, 100% used [0x00000007d7470000,0x00000007d7490000,0x00000007d7490000)
  to   space 7232K, 0% used [0x00000007d7ae0000,0x00000007d7ae0000,0x00000007d81f0000)
 ParOldGen       total 86976K, used 6165K [0x0000000780a00000, 0x0000000785ef0000, 0x00000007d58b0000)
  object space 86976K, 7% used [0x0000000780a00000,0x0000000781005428,0x0000000785ef0000)
 PSPermGen       total 21248K, used 18693K [0x000000077b800000, 0x000000077ccc0000, 0x0000000780a00000)
  object space 21248K, 87% used [0x000000077b800000,0x000000077ca416f0,0x000000077ccc0000)
}

