# JRE version: 7.0_25-b17
# Java VM: Java HotSpot(TM) 64-Bit Server VM (23.25-b01 mixed mode windows-amd64 compressed oops)
Heap
 PSYoungGen      total 15040K, used 8510K [0x00000007d58b0000, 0x00000007d68a0000, 0x0000000800000000)
  eden space 14272K, 58% used [0x00000007d58b0000,0x00000007d60cf948,0x00000007d66a0000)
  from space 768K, 25% used [0x00000007d67e0000,0x00000007d6810000,0x00000007d68a0000)
  to   space 1024K, 0% used [0x00000007d66a0000,0x00000007d66a0000,0x00000007d67a0000)
 ParOldGen       total 86976K, used 12547K [0x0000000780a00000, 0x0000000785ef0000, 0x00000007d58b0000)
  object space 86976K, 14% used [0x0000000780a00000,0x0000000781640df8,0x0000000785ef0000)
 PSPermGen       total 21248K, used 12717K [0x000000077b800000, 0x000000077ccc0000, 0x0000000780a00000)
  object space 21248K, 59% used [0x000000077b800000,0x000000077c46b698,0x000000077ccc0000)
GC Heap History (10 events):
Event: 196.205 GC heap before
{Heap before GC invocations=46 (full 0):
 PSYoungGen      total 15424K, used 15424K [0x00000007d58b0000, 0x00000007d6a50000, 0x0000000800000000)
  eden space 15232K, 100% used [0x00000007d58b0000,0x00000007d6790000,0x00000007d6790000)
  from space 192K, 100% used [0x00000007d67c0000,0x00000007d67f0000,0x00000007d67f0000)
  to   space 1408K, 0% used [0x00000007d68f0000,0x00000007d68f0000,0x00000007d6a50000)
 ParOldGen       total 86976K, used 12299K [0x0000000780a00000, 0x0000000785ef0000, 0x00000007d58b0000)
  object space 86976K, 14% used [0x0000000780a00000,0x0000000781602df8,0x0000000785ef0000)
 PSPermGen       total 21248K, used 12717K [0x000000077b800000, 0x000000077ccc0000, 0x0000000780a00000)
  object space 21248K, 59% used [0x000000077b800000,0x000000077c46b658,0x000000077ccc0000)
Event: 196.206 GC heap after
Heap after GC invocations=46 (full 0):
 PSYoungGen      total 16128K, used 96K [0x00000007d58b0000, 0x00000007d6a00000, 0x0000000800000000)
  eden space 15040K, 0% used [0x00000007d58b0000,0x00000007d58b0000,0x00000007d6760000)
  from space 1088K, 8% used [0x00000007d68f0000,0x00000007d6908000,0x00000007d6a00000)
  to   space 1344K, 0% used [0x00000007d6760000,0x00000007d6760000,0x00000007d68b0000)
 ParOldGen       total 86976K, used 12395K [0x0000000780a00000, 0x0000000785ef0000, 0x00000007d58b0000)
  object space 86976K, 14% used [0x0000000780a00000,0x000000078161adf8,0x0000000785ef0000)
 PSPermGen       total 21248K, used 12717K [0x000000077b800000, 0x000000077ccc0000, 0x0000000780a00000)
  object space 21248K, 59% used [0x000000077b800000,0x000000077c46b658,0x000000077ccc0000)
}
Event: 199.287 GC heap before
{Heap before GC invocations=47 (full 0):
 PSYoungGen      total 16128K, used 15136K [0x00000007d58b0000, 0x00000007d6a00000, 0x0000000800000000)
  eden space 15040K, 100% used [0x00000007d58b0000,0x00000007d6760000,0x00000007d6760000)
  from space 1088K, 8% used [0x00000007d68f0000,0x00000007d6908000,0x00000007d6a00000)
  to   space 1344K, 0% used [0x00000007d6760000,0x00000007d6760000,0x00000007d68b0000)
 ParOldGen       total 86976K, used 12395K [0x0000000780a00000, 0x0000000785ef0000, 0x00000007d58b0000)
  object space 86976K, 14% used [0x0000000780a00000,0x000000078161adf8,0x0000000785ef0000)
 PSPermGen       total 21248K, used 12717K [0x000000077b800000, 0x000000077ccc0000, 0x0000000780a00000)
  object space 21248K, 59% used [0x000000077b800000,0x000000077c46b658,0x000000077ccc0000)
Event: 199.288 GC heap after
Heap after GC invocations=47 (full 0):
 PSYoungGen      total 14976K, used 96K [0x00000007d58b0000, 0x00000007d6990000, 0x0000000800000000)
  eden space 14848K, 0% used [0x00000007d58b0000,0x00000007d58b0000,0x00000007d6730000)
  from space 128K, 75% used [0x00000007d6760000,0x00000007d6778000,0x00000007d6780000)
  to   space 1216K, 0% used [0x00000007d6860000,0x00000007d6860000,0x00000007d6990000)
 ParOldGen       total 86976K, used 12411K [0x0000000780a00000, 0x0000000785ef0000, 0x00000007d58b0000)
  object space 86976K, 14% used [0x0000000780a00000,0x000000078161edf8,0x0000000785ef0000)
 PSPermGen       total 21248K, used 12717K [0x000000077b800000, 0x000000077ccc0000, 0x0000000780a00000)
  object space 21248K, 59% used [0x000000077b800000,0x000000077c46b658,0x000000077ccc0000)
}
Event: 202.254 GC heap before
{Heap before GC invocations=48 (full 0):
 PSYoungGen      total 14976K, used 14944K [0x00000007d58b0000, 0x00000007d6990000, 0x0000000800000000)
  eden space 14848K, 100% used [0x00000007d58b0000,0x00000007d6730000,0x00000007d6730000)
  from space 128K, 75% used [0x00000007d6760000,0x00000007d6778000,0x00000007d6780000)
  to   space 1216K, 0% used [0x00000007d6860000,0x00000007d6860000,0x00000007d6990000)
 ParOldGen       total 86976K, used 12411K [0x0000000780a00000, 0x0000000785ef0000, 0x00000007d58b0000)
  object space 86976K, 14% used [0x0000000780a00000,0x000000078161edf8,0x0000000785ef0000)
 PSPermGen       total 21248K, used 12717K [0x000000077b800000, 0x000000077ccc0000, 0x0000000780a00000)
  object space 21248K, 59% used [0x000000077b800000,0x000000077c46b698,0x000000077ccc0000)
Event: 202.255 GC heap after
Heap after GC invocations=48 (full 0):
 PSYoungGen      total 15552K, used 192K [0x00000007d58b0000, 0x00000007d6940000, 0x0000000800000000)
  eden space 14656K, 0% used [0x00000007d58b0000,0x00000007d58b0000,0x00000007d6700000)
  from space 896K, 21% used [0x00000007d6860000,0x00000007d6890000,0x00000007d6940000)
  to   space 1152K, 0% used [0x00000007d6700000,0x00000007d6700000,0x00000007d6820000)
 ParOldGen       total 86976K, used 12427K [0x0000000780a00000, 0x0000000785ef0000, 0x00000007d58b0000)
  object space 86976K, 14% used [0x0000000780a00000,0x0000000781622df8,0x0000000785ef0000)
 PSPermGen       total 21248K, used 12717K [0x000000077b800000, 0x000000077ccc0000, 0x0000000780a00000)
  object space 21248K, 59% used [0x000000077b800000,0x000000077c46b698,0x000000077ccc0000)
}
Event: 205.254 GC heap before
{Heap before GC invocations=49 (full 0):
 PSYoungGen      total 15552K, used 14848K [0x00000007d58b0000, 0x00000007d6940000, 0x0000000800000000)
  eden space 14656K, 100% used [0x00000007d58b0000,0x00000007d6700000,0x00000007d6700000)
  from space 896K, 21% used [0x00000007d6860000,0x00000007d6890000,0x00000007d6940000)
  to   space 1152K, 0% used [0x00000007d6700000,0x00000007d6700000,0x00000007d6820000)
 ParOldGen       total 86976K, used 12427K [0x0000000780a00000, 0x0000000785ef0000, 0x00000007d58b0000)
  object space 86976K, 14% used [0x0000000780a00000,0x0000000781622df8,0x0000000785ef0000)
 PSPermGen       total 21248K, used 12717K [0x000000077b800000, 0x000000077ccc0000, 0x0000000780a00000)
  object space 21248K, 59% used [0x000000077b800000,0x000000077c46b698,0x000000077ccc0000)
Event: 205.254 GC heap after
Heap after GC invocations=49 (full 0):
 PSYoungGen      total 14592K, used 128K [0x00000007d58b0000, 0x00000007d68f0000, 0x0000000800000000)
  eden space 14464K, 0% used [0x00000007d58b0000,0x00000007d58b0000,0x00000007d66d0000)
  from space 128K, 100% used [0x00000007d6700000,0x00000007d6720000,0x00000007d6720000)
  to   space 1088K, 0% used [0x00000007d67e0000,0x00000007d67e0000,0x00000007d68f0000)
 ParOldGen       total 86976K, used 12531K [0x0000000780a00000, 0x0000000785ef0000, 0x00000007d58b0000)
  object space 86976K, 14% used [0x0000000780a00000,0x000000078163cdf8,0x0000000785ef0000)
 PSPermGen       total 21248K, used 12717K [0x000000077b800000, 0x000000077ccc0000, 0x0000000780a00000)
  object space 21248K, 59% used [0x000000077b800000,0x000000077c46b698,0x000000077ccc0000)
}
Event: 208.220 GC heap before
{Heap before GC invocations=50 (full 0):
 PSYoungGen      total 14592K, used 14592K [0x00000007d58b0000, 0x00000007d68f0000, 0x0000000800000000)
  eden space 14464K, 100% used [0x00000007d58b0000,0x00000007d66d0000,0x00000007d66d0000)
  from space 128K, 100% used [0x00000007d6700000,0x00000007d6720000,0x00000007d6720000)
  to   space 1088K, 0% used [0x00000007d67e0000,0x00000007d67e0000,0x00000007d68f0000)
 ParOldGen       total 86976K, used 12531K [0x0000000780a00000, 0x0000000785ef0000, 0x00000007d58b0000)
  object space 86976K, 14% used [0x0000000780a00000,0x000000078163cdf8,0x0000000785ef0000)
 PSPermGen       total 21248K, used 12717K [0x000000077b800000, 0x000000077ccc0000, 0x0000000780a00000)
  object space 21248K, 59% used [0x000000077b800000,0x000000077c46b698,0x000000077ccc0000)
Event: 208.221 GC heap after
Heap after GC invocations=50 (full 0):
 PSYoungGen      total 15040K, used 192K [0x00000007d58b0000, 0x00000007d68a0000, 0x0000000800000000)
  eden space 14272K, 0% used [0x00000007d58b0000,0x00000007d58b0000,0x00000007d66a0000)
  from space 768K, 25% used [0x00000007d67e0000,0x00000007d6810000,0x00000007d68a0000)
  to   space 1024K, 0% used [0x00000007d66a0000,0x00000007d66a0000,0x00000007d67a0000)
 ParOldGen       total 86976K, used 12547K [0x0000000780a00000, 0x0000000785ef0000, 0x00000007d58b0000)
  object space 86976K, 14% used [0x0000000780a00000,0x0000000781640df8,0x0000000785ef0000)
 PSPermGen       total 21248K, used 12717K [0x000000077b800000, 0x000000077ccc0000, 0x0000000780a00000)
  object space 21248K, 59% used [0x000000077b800000,0x000000077c46b698,0x000000077ccc0000)
}

