# JRE version: 7.0_25-b17
# Java VM: Java HotSpot(TM) 64-Bit Server VM (23.25-b01 mixed mode windows-amd64 compressed oops)
Heap
 PSYoungGen      total 55168K, used 45415K [0x00000000eac00000, 0x00000000eee20000, 0x0000000100000000)
  eden space 53760K, 81% used [0x00000000eac00000,0x00000000ed705388,0x00000000ee080000)
  from space 1408K, 96% used [0x00000000ee290000,0x00000000ee3e4b28,0x00000000ee3f0000)
  to   space 6976K, 0% used [0x00000000ee750000,0x00000000ee750000,0x00000000eee20000)
 ParOldGen       total 43520K, used 15156K [0x00000000c0400000, 0x00000000c2e80000, 0x00000000eac00000)
  object space 43520K, 34% used [0x00000000c0400000,0x00000000c12cd318,0x00000000c2e80000)
 PSPermGen       total 21248K, used 19594K [0x00000000bb200000, 0x00000000bc6c0000, 0x00000000c0400000)
  object space 21248K, 92% used [0x00000000bb200000,0x00000000bc522bb0,0x00000000bc6c0000)
GC Heap History (10 events):
Event: 12.311 GC heap before
{Heap before GC invocations=7 (full 0):
 PSYoungGen      total 71872K, used 69142K [0x00000000eac00000, 0x00000000ef860000, 0x0000000100000000)
  eden space 65536K, 100% used [0x00000000eac00000,0x00000000eec00000,0x00000000eec00000)
  from space 6336K, 56% used [0x00000000ef230000,0x00000000ef5b5b90,0x00000000ef860000)
  to   space 6336K, 0% used [0x00000000eec00000,0x00000000eec00000,0x00000000ef230000)
 ParOldGen       total 43520K, used 10008K [0x00000000c0400000, 0x00000000c2e80000, 0x00000000eac00000)
  object space 43520K, 22% used [0x00000000c0400000,0x00000000c0dc6048,0x00000000c2e80000)
 PSPermGen       total 21248K, used 19317K [0x00000000bb200000, 0x00000000bc6c0000, 0x00000000c0400000)
  object space 21248K, 90% used [0x00000000bb200000,0x00000000bc4dd788,0x00000000bc6c0000)
Event: 12.316 GC heap after
Heap after GC invocations=7 (full 0):
 PSYoungGen      total 66048K, used 3031K [0x00000000eac00000, 0x00000000ef600000, 0x0000000100000000)
  eden space 62976K, 0% used [0x00000000eac00000,0x00000000eac00000,0x00000000ee980000)
  from space 3072K, 98% used [0x00000000eec00000,0x00000000eeef5cb8,0x00000000eef00000)
  to   space 6400K, 0% used [0x00000000eefc0000,0x00000000eefc0000,0x00000000ef600000)
 ParOldGen       total 43520K, used 11003K [0x00000000c0400000, 0x00000000c2e80000, 0x00000000eac00000)
  object space 43520K, 25% used [0x00000000c0400000,0x00000000c0ebecd8,0x00000000c2e80000)
 PSPermGen       total 21248K, used 19317K [0x00000000bb200000, 0x00000000bc6c0000, 0x00000000c0400000)
  object space 21248K, 90% used [0x00000000bb200000,0x00000000bc4dd788,0x00000000bc6c0000)
}
Event: 19.737 GC heap before
{Heap before GC invocations=8 (full 0):
 PSYoungGen      total 66048K, used 66007K [0x00000000eac00000, 0x00000000ef600000, 0x0000000100000000)
  eden space 62976K, 100% used [0x00000000eac00000,0x00000000ee980000,0x00000000ee980000)
  from space 3072K, 98% used [0x00000000eec00000,0x00000000eeef5cb8,0x00000000eef00000)
  to   space 6400K, 0% used [0x00000000eefc0000,0x00000000eefc0000,0x00000000ef600000)
 ParOldGen       total 43520K, used 11003K [0x00000000c0400000, 0x00000000c2e80000, 0x00000000eac00000)
  object space 43520K, 25% used [0x00000000c0400000,0x00000000c0ebecd8,0x00000000c2e80000)
 PSPermGen       total 21248K, used 19385K [0x00000000bb200000, 0x00000000bc6c0000, 0x00000000c0400000)
  object space 21248K, 91% used [0x00000000bb200000,0x00000000bc4ee658,0x00000000bc6c0000)
Event: 19.740 GC heap after
Heap after GC invocations=8 (full 0):
 PSYoungGen      total 64512K, used 2872K [0x00000000eac00000, 0x00000000ef3b0000, 0x0000000100000000)
  eden space 60480K, 0% used [0x00000000eac00000,0x00000000eac00000,0x00000000ee710000)
  from space 4032K, 71% used [0x00000000eefc0000,0x00000000ef28e138,0x00000000ef3b0000)
  to   space 6464K, 0% used [0x00000000ee710000,0x00000000ee710000,0x00000000eed60000)
 ParOldGen       total 43520K, used 11468K [0x00000000c0400000, 0x00000000c2e80000, 0x00000000eac00000)
  object space 43520K, 26% used [0x00000000c0400000,0x00000000c0f33208,0x00000000c2e80000)
 PSPermGen       total 21248K, used 19385K [0x00000000bb200000, 0x00000000bc6c0000, 0x00000000c0400000)
  object space 21248K, 91% used [0x00000000bb200000,0x00000000bc4ee658,0x00000000bc6c0000)
}
Event: 26.137 GC heap before
{Heap before GC invocations=9 (full 0):
 PSYoungGen      total 64512K, used 63352K [0x00000000eac00000, 0x00000000ef3b0000, 0x0000000100000000)
  eden space 60480K, 100% used [0x00000000eac00000,0x00000000ee710000,0x00000000ee710000)
  from space 4032K, 71% used [0x00000000eefc0000,0x00000000ef28e138,0x00000000ef3b0000)
  to   space 6464K, 0% used [0x00000000ee710000,0x00000000ee710000,0x00000000eed60000)
 ParOldGen       total 43520K, used 11468K [0x00000000c0400000, 0x00000000c2e80000, 0x00000000eac00000)
  object space 43520K, 26% used [0x00000000c0400000,0x00000000c0f33208,0x00000000c2e80000)
 PSPermGen       total 21248K, used 19418K [0x00000000bb200000, 0x00000000bc6c0000, 0x00000000c0400000)
  object space 21248K, 91% used [0x00000000bb200000,0x00000000bc4f68f0,0x00000000bc6c0000)
Event: 26.140 GC heap after
Heap after GC invocations=9 (full 0):
 PSYoungGen      total 58944K, used 800K [0x00000000eac00000, 0x00000000ef200000, 0x0000000100000000)
  eden space 58112K, 0% used [0x00000000eac00000,0x00000000eac00000,0x00000000ee4c0000)
  from space 832K, 96% used [0x00000000ee710000,0x00000000ee7d80a0,0x00000000ee7e0000)
  to   space 6784K, 0% used [0x00000000eeb60000,0x00000000eeb60000,0x00000000ef200000)
 ParOldGen       total 43520K, used 13538K [0x00000000c0400000, 0x00000000c2e80000, 0x00000000eac00000)
  object space 43520K, 31% used [0x00000000c0400000,0x00000000c1138a00,0x00000000c2e80000)
 PSPermGen       total 21248K, used 19418K [0x00000000bb200000, 0x00000000bc6c0000, 0x00000000c0400000)
  object space 21248K, 91% used [0x00000000bb200000,0x00000000bc4f68f0,0x00000000bc6c0000)
}
Event: 32.254 GC heap before
{Heap before GC invocations=10 (full 0):
 PSYoungGen      total 58944K, used 58912K [0x00000000eac00000, 0x00000000ef200000, 0x0000000100000000)
  eden space 58112K, 100% used [0x00000000eac00000,0x00000000ee4c0000,0x00000000ee4c0000)
  from space 832K, 96% used [0x00000000ee710000,0x00000000ee7d80a0,0x00000000ee7e0000)
  to   space 6784K, 0% used [0x00000000eeb60000,0x00000000eeb60000,0x00000000ef200000)
 ParOldGen       total 43520K, used 13538K [0x00000000c0400000, 0x00000000c2e80000, 0x00000000eac00000)
  object space 43520K, 31% used [0x00000000c0400000,0x00000000c1138a00,0x00000000c2e80000)
 PSPermGen       total 21248K, used 19473K [0x00000000bb200000, 0x00000000bc6c0000, 0x00000000c0400000)
  object space 21248K, 91% used [0x00000000bb200000,0x00000000bc5044e8,0x00000000bc6c0000)
Event: 32.255 GC heap after
Heap after GC invocations=10 (full 0):
 PSYoungGen      total 60800K, used 1008K [0x00000000eac00000, 0x00000000ef030000, 0x0000000100000000)
  eden space 55872K, 0% used [0x00000000eac00000,0x00000000eac00000,0x00000000ee290000)
  from space 4928K, 20% used [0x00000000eeb60000,0x00000000eec5c0f8,0x00000000ef030000)
  to   space 6976K, 0% used [0x00000000ee290000,0x00000000ee290000,0x00000000ee960000)
 ParOldGen       total 43520K, used 14241K [0x00000000c0400000, 0x00000000c2e80000, 0x00000000eac00000)
  object space 43520K, 32% used [0x00000000c0400000,0x00000000c11e86d0,0x00000000c2e80000)
 PSPermGen       total 21248K, used 19473K [0x00000000bb200000, 0x00000000bc6c0000, 0x00000000c0400000)
  object space 21248K, 91% used [0x00000000bb200000,0x00000000bc5044e8,0x00000000bc6c0000)
}
Event: 45.003 GC heap before
{Heap before GC invocations=11 (full 0):
 PSYoungGen      total 60800K, used 56880K [0x00000000eac00000, 0x00000000ef030000, 0x0000000100000000)
  eden space 55872K, 100% used [0x00000000eac00000,0x00000000ee290000,0x00000000ee290000)
  from space 4928K, 20% used [0x00000000eeb60000,0x00000000eec5c0f8,0x00000000ef030000)
  to   space 6976K, 0% used [0x00000000ee290000,0x00000000ee290000,0x00000000ee960000)
 ParOldGen       total 43520K, used 14241K [0x00000000c0400000, 0x00000000c2e80000, 0x00000000eac00000)
  object space 43520K, 32% used [0x00000000c0400000,0x00000000c11e86d0,0x00000000c2e80000)
 PSPermGen       total 21248K, used 19571K [0x00000000bb200000, 0x00000000bc6c0000, 0x00000000c0400000)
  object space 21248K, 92% used [0x00000000bb200000,0x00000000bc51cf88,0x00000000bc6c0000)
Event: 45.004 GC heap after
Heap after GC invocations=11 (full 0):
 PSYoungGen      total 55168K, used 1362K [0x00000000eac00000, 0x00000000eee20000, 0x0000000100000000)
  eden space 53760K, 0% used [0x00000000eac00000,0x00000000eac00000,0x00000000ee080000)
  from space 1408K, 96% used [0x00000000ee290000,0x00000000ee3e4b28,0x00000000ee3f0000)
  to   space 6976K, 0% used [0x00000000ee750000,0x00000000ee750000,0x00000000eee20000)
 ParOldGen       total 43520K, used 15156K [0x00000000c0400000, 0x00000000c2e80000, 0x00000000eac00000)
  object space 43520K, 34% used [0x00000000c0400000,0x00000000c12cd318,0x00000000c2e80000)
 PSPermGen       total 21248K, used 19571K [0x00000000bb200000, 0x00000000bc6c0000, 0x00000000c0400000)
  object space 21248K, 92% used [0x00000000bb200000,0x00000000bc51cf88,0x00000000bc6c0000)
}

