# JRE version: 7.0_25-b17
# Java VM: Java HotSpot(TM) 64-Bit Server VM (23.25-b01 mixed mode windows-amd64 compressed oops)
Heap
 PSYoungGen      total 6592K, used 6137K [0x00000007d58b0000, 0x00000007d5f40000, 0x0000000800000000)
  eden space 6464K, 93% used [0x00000007d58b0000,0x00000007d5e96628,0x00000007d5f00000)
  from space 128K, 75% used [0x00000007d5f00000,0x00000007d5f18000,0x00000007d5f20000)
  to   space 128K, 0% used [0x00000007d5f20000,0x00000007d5f20000,0x00000007d5f40000)
 ParOldGen       total 86976K, used 19681K [0x0000000780a00000, 0x0000000785ef0000, 0x00000007d58b0000)
  object space 86976K, 22% used [0x0000000780a00000,0x0000000781d38608,0x0000000785ef0000)
 PSPermGen       total 21248K, used 11420K [0x000000077b800000, 0x000000077ccc0000, 0x0000000780a00000)
  object space 21248K, 53% used [0x000000077b800000,0x000000077c3272d0,0x000000077ccc0000)
GC Heap History (10 events):
Event: 320.506 GC heap before
{Heap before GC invocations=1005 (full 0):
 PSYoungGen      total 6656K, used 6560K [0x00000007d58b0000, 0x00000007d5f60000, 0x0000000800000000)
  eden space 6464K, 100% used [0x00000007d58b0000,0x00000007d5f00000,0x00000007d5f00000)
  from space 192K, 50% used [0x00000007d5f30000,0x00000007d5f48000,0x00000007d5f60000)
  to   space 192K, 0% used [0x00000007d5f00000,0x00000007d5f00000,0x00000007d5f30000)
 ParOldGen       total 86976K, used 19649K [0x0000000780a00000, 0x0000000785ef0000, 0x00000007d58b0000)
  object space 86976K, 22% used [0x0000000780a00000,0x0000000781d30608,0x0000000785ef0000)
 PSPermGen       total 21248K, used 11412K [0x000000077b800000, 0x000000077ccc0000, 0x0000000780a00000)
  object space 21248K, 53% used [0x000000077b800000,0x000000077c3252a8,0x000000077ccc0000)
Event: 320.507 GC heap after
Heap after GC invocations=1005 (full 0):
 PSYoungGen      total 6656K, used 96K [0x00000007d58b0000, 0x00000007d5f60000, 0x0000000800000000)
  eden space 6464K, 0% used [0x00000007d58b0000,0x00000007d58b0000,0x00000007d5f00000)
  from space 192K, 50% used [0x00000007d5f00000,0x00000007d5f18000,0x00000007d5f30000)
  to   space 192K, 0% used [0x00000007d5f30000,0x00000007d5f30000,0x00000007d5f60000)
 ParOldGen       total 86976K, used 19665K [0x0000000780a00000, 0x0000000785ef0000, 0x00000007d58b0000)
  object space 86976K, 22% used [0x0000000780a00000,0x0000000781d34608,0x0000000785ef0000)
 PSPermGen       total 21248K, used 11412K [0x000000077b800000, 0x000000077ccc0000, 0x0000000780a00000)
  object space 21248K, 53% used [0x000000077b800000,0x000000077c3252a8,0x000000077ccc0000)
}
Event: 321.872 GC heap before
{Heap before GC invocations=1006 (full 0):
 PSYoungGen      total 6656K, used 6560K [0x00000007d58b0000, 0x00000007d5f60000, 0x0000000800000000)
  eden space 6464K, 100% used [0x00000007d58b0000,0x00000007d5f00000,0x00000007d5f00000)
  from space 192K, 50% used [0x00000007d5f00000,0x00000007d5f18000,0x00000007d5f30000)
  to   space 192K, 0% used [0x00000007d5f30000,0x00000007d5f30000,0x00000007d5f60000)
 ParOldGen       total 86976K, used 19665K [0x0000000780a00000, 0x0000000785ef0000, 0x00000007d58b0000)
  object space 86976K, 22% used [0x0000000780a00000,0x0000000781d34608,0x0000000785ef0000)
 PSPermGen       total 21248K, used 11412K [0x000000077b800000, 0x000000077ccc0000, 0x0000000780a00000)
  object space 21248K, 53% used [0x000000077b800000,0x000000077c3252a8,0x000000077ccc0000)
Event: 321.873 GC heap after
Heap after GC invocations=1006 (full 0):
 PSYoungGen      total 6656K, used 96K [0x00000007d58b0000, 0x00000007d5f60000, 0x0000000800000000)
  eden space 6464K, 0% used [0x00000007d58b0000,0x00000007d58b0000,0x00000007d5f00000)
  from space 192K, 50% used [0x00000007d5f30000,0x00000007d5f48000,0x00000007d5f60000)
  to   space 192K, 0% used [0x00000007d5f00000,0x00000007d5f00000,0x00000007d5f30000)
 ParOldGen       total 86976K, used 19681K [0x0000000780a00000, 0x0000000785ef0000, 0x00000007d58b0000)
  object space 86976K, 22% used [0x0000000780a00000,0x0000000781d38608,0x0000000785ef0000)
 PSPermGen       total 21248K, used 11412K [0x000000077b800000, 0x000000077ccc0000, 0x0000000780a00000)
  object space 21248K, 53% used [0x000000077b800000,0x000000077c3252a8,0x000000077ccc0000)
}
Event: 323.222 GC heap before
{Heap before GC invocations=1007 (full 0):
 PSYoungGen      total 6656K, used 6560K [0x00000007d58b0000, 0x00000007d5f60000, 0x0000000800000000)
  eden space 6464K, 100% used [0x00000007d58b0000,0x00000007d5f00000,0x00000007d5f00000)
  from space 192K, 50% used [0x00000007d5f30000,0x00000007d5f48000,0x00000007d5f60000)
  to   space 192K, 0% used [0x00000007d5f00000,0x00000007d5f00000,0x00000007d5f30000)
 ParOldGen       total 86976K, used 19681K [0x0000000780a00000, 0x0000000785ef0000, 0x00000007d58b0000)
  object space 86976K, 22% used [0x0000000780a00000,0x0000000781d38608,0x0000000785ef0000)
 PSPermGen       total 21248K, used 11412K [0x000000077b800000, 0x000000077ccc0000, 0x0000000780a00000)
  object space 21248K, 53% used [0x000000077b800000,0x000000077c3252a8,0x000000077ccc0000)
Event: 323.223 GC heap after
Heap after GC invocations=1007 (full 0):
 PSYoungGen      total 6656K, used 64K [0x00000007d58b0000, 0x00000007d5f60000, 0x0000000800000000)
  eden space 6464K, 0% used [0x00000007d58b0000,0x00000007d58b0000,0x00000007d5f00000)
  from space 192K, 33% used [0x00000007d5f00000,0x00000007d5f10000,0x00000007d5f30000)
  to   space 192K, 0% used [0x00000007d5f30000,0x00000007d5f30000,0x00000007d5f60000)
 ParOldGen       total 86976K, used 19681K [0x0000000780a00000, 0x0000000785ef0000, 0x00000007d58b0000)
  object space 86976K, 22% used [0x0000000780a00000,0x0000000781d38608,0x0000000785ef0000)
 PSPermGen       total 21248K, used 11412K [0x000000077b800000, 0x000000077ccc0000, 0x0000000780a00000)
  object space 21248K, 53% used [0x000000077b800000,0x000000077c3252a8,0x000000077ccc0000)
}
Event: 324.588 GC heap before
{Heap before GC invocations=1008 (full 0):
 PSYoungGen      total 6656K, used 6528K [0x00000007d58b0000, 0x00000007d5f60000, 0x0000000800000000)
  eden space 6464K, 100% used [0x00000007d58b0000,0x00000007d5f00000,0x00000007d5f00000)
  from space 192K, 33% used [0x00000007d5f00000,0x00000007d5f10000,0x00000007d5f30000)
  to   space 192K, 0% used [0x00000007d5f30000,0x00000007d5f30000,0x00000007d5f60000)
 ParOldGen       total 86976K, used 19681K [0x0000000780a00000, 0x0000000785ef0000, 0x00000007d58b0000)
  object space 86976K, 22% used [0x0000000780a00000,0x0000000781d38608,0x0000000785ef0000)
 PSPermGen       total 21248K, used 11412K [0x000000077b800000, 0x000000077ccc0000, 0x0000000780a00000)
  object space 21248K, 53% used [0x000000077b800000,0x000000077c3252a8,0x000000077ccc0000)
Event: 324.589 GC heap after
Heap after GC invocations=1008 (full 0):
 PSYoungGen      total 6656K, used 96K [0x00000007d58b0000, 0x00000007d5f60000, 0x0000000800000000)
  eden space 6464K, 0% used [0x00000007d58b0000,0x00000007d58b0000,0x00000007d5f00000)
  from space 192K, 50% used [0x00000007d5f30000,0x00000007d5f48000,0x00000007d5f60000)
  to   space 192K, 0% used [0x00000007d5f00000,0x00000007d5f00000,0x00000007d5f30000)
 ParOldGen       total 86976K, used 19681K [0x0000000780a00000, 0x0000000785ef0000, 0x00000007d58b0000)
  object space 86976K, 22% used [0x0000000780a00000,0x0000000781d38608,0x0000000785ef0000)
 PSPermGen       total 21248K, used 11412K [0x000000077b800000, 0x000000077ccc0000, 0x0000000780a00000)
  object space 21248K, 53% used [0x000000077b800000,0x000000077c3252a8,0x000000077ccc0000)
}
Event: 325.922 GC heap before
{Heap before GC invocations=1009 (full 0):
 PSYoungGen      total 6656K, used 6560K [0x00000007d58b0000, 0x00000007d5f60000, 0x0000000800000000)
  eden space 6464K, 100% used [0x00000007d58b0000,0x00000007d5f00000,0x00000007d5f00000)
  from space 192K, 50% used [0x00000007d5f30000,0x00000007d5f48000,0x00000007d5f60000)
  to   space 192K, 0% used [0x00000007d5f00000,0x00000007d5f00000,0x00000007d5f30000)
 ParOldGen       total 86976K, used 19681K [0x0000000780a00000, 0x0000000785ef0000, 0x00000007d58b0000)
  object space 86976K, 22% used [0x0000000780a00000,0x0000000781d38608,0x0000000785ef0000)
 PSPermGen       total 21248K, used 11412K [0x000000077b800000, 0x000000077ccc0000, 0x0000000780a00000)
  object space 21248K, 53% used [0x000000077b800000,0x000000077c3252a8,0x000000077ccc0000)
Event: 325.923 GC heap after
Heap after GC invocations=1009 (full 0):
 PSYoungGen      total 6592K, used 96K [0x00000007d58b0000, 0x00000007d5f40000, 0x0000000800000000)
  eden space 6464K, 0% used [0x00000007d58b0000,0x00000007d58b0000,0x00000007d5f00000)
  from space 128K, 75% used [0x00000007d5f00000,0x00000007d5f18000,0x00000007d5f20000)
  to   space 128K, 0% used [0x00000007d5f20000,0x00000007d5f20000,0x00000007d5f40000)
 ParOldGen       total 86976K, used 19681K [0x0000000780a00000, 0x0000000785ef0000, 0x00000007d58b0000)
  object space 86976K, 22% used [0x0000000780a00000,0x0000000781d38608,0x0000000785ef0000)
 PSPermGen       total 21248K, used 11412K [0x000000077b800000, 0x000000077ccc0000, 0x0000000780a00000)
  object space 21248K, 53% used [0x000000077b800000,0x000000077c3252a8,0x000000077ccc0000)
}

