# JRE version: 7.0_15-b03
# Java VM: Java HotSpot(TM) 64-Bit Server VM (23.7-b01 mixed mode windows-amd64 compressed oops)
Heap
 PSYoungGen      total 41856K, used 21010K [0x00000007c0360000, 0x00000007c38d0000, 0x0000000800000000)
  eden space 41536K, 49% used [0x00000007c0360000,0x00000007c179c950,0x00000007c2bf0000)
  from space 320K, 90% used [0x00000007c2ce0000,0x00000007c2d28000,0x00000007c2d30000)
  to   space 6592K, 0% used [0x00000007c3260000,0x00000007c3260000,0x00000007c38d0000)
 ParOldGen       total 130688K, used 3177K [0x0000000740a00000, 0x00000007489a0000, 0x00000007c0360000)
  object space 130688K, 2% used [0x0000000740a00000,0x0000000740d1a750,0x00000007489a0000)
 PSPermGen       total 21248K, used 16399K [0x000000073b800000, 0x000000073ccc0000, 0x0000000740a00000)
  object space 21248K, 77% used [0x000000073b800000,0x000000073c803c00,0x000000073ccc0000)
GC Heap History (10 events):
Event: 22.826 GC heap before
{Heap before GC invocations=7 (full 0):
 PSYoungGen      total 51072K, used 49976K [0x00000007c0360000, 0x00000007c3c30000, 0x0000000800000000)
  eden space 46656K, 100% used [0x00000007c0360000,0x00000007c30f0000,0x00000007c30f0000)
  from space 4416K, 75% used [0x00000007c37e0000,0x00000007c3b1e310,0x00000007c3c30000)
  to   space 5760K, 0% used [0x00000007c30f0000,0x00000007c30f0000,0x00000007c3690000)
 ParOldGen       total 130688K, used 16K [0x0000000740a00000, 0x00000007489a0000, 0x00000007c0360000)
  object space 130688K, 0% used [0x0000000740a00000,0x0000000740a04000,0x00000007489a0000)
 PSPermGen       total 21248K, used 16346K [0x000000073b800000, 0x000000073ccc0000, 0x0000000740a00000)
  object space 21248K, 76% used [0x000000073b800000,0x000000073c7f68a8,0x000000073ccc0000)
Event: 22.831 GC heap after
Heap after GC invocations=7 (full 0):
 PSYoungGen      total 45888K, used 320K [0x00000007c0360000, 0x00000007c3c20000, 0x0000000800000000)
  eden space 45568K, 0% used [0x00000007c0360000,0x00000007c0360000,0x00000007c2fe0000)
  from space 320K, 100% used [0x00000007c30f0000,0x00000007c3140000,0x00000007c3140000)
  to   space 6272K, 0% used [0x00000007c3600000,0x00000007c3600000,0x00000007c3c20000)
 ParOldGen       total 130688K, used 3105K [0x0000000740a00000, 0x00000007489a0000, 0x00000007c0360000)
  object space 130688K, 2% used [0x0000000740a00000,0x0000000740d08740,0x00000007489a0000)
 PSPermGen       total 21248K, used 16346K [0x000000073b800000, 0x000000073ccc0000, 0x0000000740a00000)
  object space 21248K, 76% used [0x000000073b800000,0x000000073c7f68a8,0x000000073ccc0000)
}
Event: 26.426 GC heap before
{Heap before GC invocations=8 (full 0):
 PSYoungGen      total 45888K, used 45888K [0x00000007c0360000, 0x00000007c3c20000, 0x0000000800000000)
  eden space 45568K, 100% used [0x00000007c0360000,0x00000007c2fe0000,0x00000007c2fe0000)
  from space 320K, 100% used [0x00000007c30f0000,0x00000007c3140000,0x00000007c3140000)
  to   space 6272K, 0% used [0x00000007c3600000,0x00000007c3600000,0x00000007c3c20000)
 ParOldGen       total 130688K, used 3105K [0x0000000740a00000, 0x00000007489a0000, 0x00000007c0360000)
  object space 130688K, 2% used [0x0000000740a00000,0x0000000740d08740,0x00000007489a0000)
 PSPermGen       total 21248K, used 16346K [0x000000073b800000, 0x000000073ccc0000, 0x0000000740a00000)
  object space 21248K, 76% used [0x000000073b800000,0x000000073c7f6ad8,0x000000073ccc0000)
Event: 26.427 GC heap after
Heap after GC invocations=8 (full 0):
 PSYoungGen      total 50176K, used 224K [0x00000007c0360000, 0x00000007c3b90000, 0x0000000800000000)
  eden space 44480K, 0% used [0x00000007c0360000,0x00000007c0360000,0x00000007c2ed0000)
  from space 5696K, 3% used [0x00000007c3600000,0x00000007c3638000,0x00000007c3b90000)
  to   space 6528K, 0% used [0x00000007c2ed0000,0x00000007c2ed0000,0x00000007c3530000)
 ParOldGen       total 130688K, used 3129K [0x0000000740a00000, 0x00000007489a0000, 0x00000007c0360000)
  object space 130688K, 2% used [0x0000000740a00000,0x0000000740d0e750,0x00000007489a0000)
 PSPermGen       total 21248K, used 16346K [0x000000073b800000, 0x000000073ccc0000, 0x0000000740a00000)
  object space 21248K, 76% used [0x000000073b800000,0x000000073c7f6ad8,0x000000073ccc0000)
}
Event: 29.913 GC heap before
{Heap before GC invocations=9 (full 0):
 PSYoungGen      total 50176K, used 44704K [0x00000007c0360000, 0x00000007c3b90000, 0x0000000800000000)
  eden space 44480K, 100% used [0x00000007c0360000,0x00000007c2ed0000,0x00000007c2ed0000)
  from space 5696K, 3% used [0x00000007c3600000,0x00000007c3638000,0x00000007c3b90000)
  to   space 6528K, 0% used [0x00000007c2ed0000,0x00000007c2ed0000,0x00000007c3530000)
 ParOldGen       total 130688K, used 3129K [0x0000000740a00000, 0x00000007489a0000, 0x00000007c0360000)
  object space 130688K, 2% used [0x0000000740a00000,0x0000000740d0e750,0x00000007489a0000)
 PSPermGen       total 21248K, used 16393K [0x000000073b800000, 0x000000073ccc0000, 0x0000000740a00000)
  object space 21248K, 77% used [0x000000073b800000,0x000000073c802410,0x000000073ccc0000)
Event: 29.914 GC heap after
Heap after GC invocations=9 (full 0):
 PSYoungGen      total 43712K, used 224K [0x00000007c0360000, 0x00000007c3ad0000, 0x0000000800000000)
  eden space 43456K, 0% used [0x00000007c0360000,0x00000007c0360000,0x00000007c2dd0000)
  from space 256K, 87% used [0x00000007c2ed0000,0x00000007c2f08000,0x00000007c2f10000)
  to   space 6656K, 0% used [0x00000007c3450000,0x00000007c3450000,0x00000007c3ad0000)
 ParOldGen       total 130688K, used 3137K [0x0000000740a00000, 0x00000007489a0000, 0x00000007c0360000)
  object space 130688K, 2% used [0x0000000740a00000,0x0000000740d10750,0x00000007489a0000)
 PSPermGen       total 21248K, used 16393K [0x000000073b800000, 0x000000073ccc0000, 0x0000000740a00000)
  object space 21248K, 77% used [0x000000073b800000,0x000000073c802410,0x000000073ccc0000)
}
Event: 33.346 GC heap before
{Heap before GC invocations=10 (full 0):
 PSYoungGen      total 43712K, used 43680K [0x00000007c0360000, 0x00000007c3ad0000, 0x0000000800000000)
  eden space 43456K, 100% used [0x00000007c0360000,0x00000007c2dd0000,0x00000007c2dd0000)
  from space 256K, 87% used [0x00000007c2ed0000,0x00000007c2f08000,0x00000007c2f10000)
  to   space 6656K, 0% used [0x00000007c3450000,0x00000007c3450000,0x00000007c3ad0000)
 ParOldGen       total 130688K, used 3137K [0x0000000740a00000, 0x00000007489a0000, 0x00000007c0360000)
  object space 130688K, 2% used [0x0000000740a00000,0x0000000740d10750,0x00000007489a0000)
 PSPermGen       total 21248K, used 16396K [0x000000073b800000, 0x000000073ccc0000, 0x0000000740a00000)
  object space 21248K, 77% used [0x000000073b800000,0x000000073c803038,0x000000073ccc0000)
Event: 33.347 GC heap after
Heap after GC invocations=10 (full 0):
 PSYoungGen      total 48192K, used 288K [0x00000007c0360000, 0x00000007c39e0000, 0x0000000800000000)
  eden space 42496K, 0% used [0x00000007c0360000,0x00000007c0360000,0x00000007c2ce0000)
  from space 5696K, 5% used [0x00000007c3450000,0x00000007c3498000,0x00000007c39e0000)
  to   space 6656K, 0% used [0x00000007c2ce0000,0x00000007c2ce0000,0x00000007c3360000)
 ParOldGen       total 130688K, used 3153K [0x0000000740a00000, 0x00000007489a0000, 0x00000007c0360000)
  object space 130688K, 2% used [0x0000000740a00000,0x0000000740d14750,0x00000007489a0000)
 PSPermGen       total 21248K, used 16396K [0x000000073b800000, 0x000000073ccc0000, 0x0000000740a00000)
  object space 21248K, 77% used [0x000000073b800000,0x000000073c803038,0x000000073ccc0000)
}
Event: 36.676 GC heap before
{Heap before GC invocations=11 (full 0):
 PSYoungGen      total 48192K, used 42784K [0x00000007c0360000, 0x00000007c39e0000, 0x0000000800000000)
  eden space 42496K, 100% used [0x00000007c0360000,0x00000007c2ce0000,0x00000007c2ce0000)
  from space 5696K, 5% used [0x00000007c3450000,0x00000007c3498000,0x00000007c39e0000)
  to   space 6656K, 0% used [0x00000007c2ce0000,0x00000007c2ce0000,0x00000007c3360000)
 ParOldGen       total 130688K, used 3153K [0x0000000740a00000, 0x00000007489a0000, 0x00000007c0360000)
  object space 130688K, 2% used [0x0000000740a00000,0x0000000740d14750,0x00000007489a0000)
 PSPermGen       total 21248K, used 16398K [0x000000073b800000, 0x000000073ccc0000, 0x0000000740a00000)
  object space 21248K, 77% used [0x000000073b800000,0x000000073c803b10,0x000000073ccc0000)
Event: 36.677 GC heap after
Heap after GC invocations=11 (full 0):
 PSYoungGen      total 41856K, used 288K [0x00000007c0360000, 0x00000007c38d0000, 0x0000000800000000)
  eden space 41536K, 0% used [0x00000007c0360000,0x00000007c0360000,0x00000007c2bf0000)
  from space 320K, 90% used [0x00000007c2ce0000,0x00000007c2d28000,0x00000007c2d30000)
  to   space 6592K, 0% used [0x00000007c3260000,0x00000007c3260000,0x00000007c38d0000)
 ParOldGen       total 130688K, used 3177K [0x0000000740a00000, 0x00000007489a0000, 0x00000007c0360000)
  object space 130688K, 2% used [0x0000000740a00000,0x0000000740d1a750,0x00000007489a0000)
 PSPermGen       total 21248K, used 16398K [0x000000073b800000, 0x000000073ccc0000, 0x0000000740a00000)
  object space 21248K, 77% used [0x000000073b800000,0x000000073c803b10,0x000000073ccc0000)
}

