# JRE version: 7.0_25-b17
# Java VM: Java HotSpot(TM) 64-Bit Server VM (23.25-b01 mixed mode windows-amd64 compressed oops)
Heap
 PSYoungGen      total 5760K, used 768K [0x00000007d58b0000, 0x00000007d5e80000, 0x0000000800000000)
  eden space 5568K, 12% used [0x00000007d58b0000,0x00000007d5958268,0x00000007d5e20000)
  from space 192K, 50% used [0x00000007d5e20000,0x00000007d5e38000,0x00000007d5e50000)
  to   space 192K, 0% used [0x00000007d5e50000,0x00000007d5e50000,0x00000007d5e80000)
 ParOldGen       total 86976K, used 25647K [0x0000000780a00000, 0x0000000785ef0000, 0x00000007d58b0000)
  object space 86976K, 29% used [0x0000000780a00000,0x000000078230bfb0,0x0000000785ef0000)
 PSPermGen       total 21248K, used 11411K [0x000000077b800000, 0x000000077ccc0000, 0x0000000780a00000)
  object space 21248K, 53% used [0x000000077b800000,0x000000077c324e20,0x000000077ccc0000)
GC Heap History (10 events):
Event: 329.349 GC heap before
{Heap before GC invocations=1249 (full 0):
 PSYoungGen      total 5760K, used 5664K [0x00000007d58b0000, 0x00000007d5e80000, 0x0000000800000000)
  eden space 5568K, 100% used [0x00000007d58b0000,0x00000007d5e20000,0x00000007d5e20000)
  from space 192K, 50% used [0x00000007d5e50000,0x00000007d5e68000,0x00000007d5e80000)
  to   space 192K, 0% used [0x00000007d5e20000,0x00000007d5e20000,0x00000007d5e50000)
 ParOldGen       total 86976K, used 25583K [0x0000000780a00000, 0x0000000785ef0000, 0x00000007d58b0000)
  object space 86976K, 29% used [0x0000000780a00000,0x00000007822fbfb0,0x0000000785ef0000)
 PSPermGen       total 21248K, used 11411K [0x000000077b800000, 0x000000077ccc0000, 0x0000000780a00000)
  object space 21248K, 53% used [0x000000077b800000,0x000000077c324e20,0x000000077ccc0000)
Event: 329.349 GC heap after
Heap after GC invocations=1249 (full 0):
 PSYoungGen      total 5760K, used 96K [0x00000007d58b0000, 0x00000007d5e80000, 0x0000000800000000)
  eden space 5568K, 0% used [0x00000007d58b0000,0x00000007d58b0000,0x00000007d5e20000)
  from space 192K, 50% used [0x00000007d5e20000,0x00000007d5e38000,0x00000007d5e50000)
  to   space 192K, 0% used [0x00000007d5e50000,0x00000007d5e50000,0x00000007d5e80000)
 ParOldGen       total 86976K, used 25591K [0x0000000780a00000, 0x0000000785ef0000, 0x00000007d58b0000)
  object space 86976K, 29% used [0x0000000780a00000,0x00000007822fdfb0,0x0000000785ef0000)
 PSPermGen       total 21248K, used 11411K [0x000000077b800000, 0x000000077ccc0000, 0x0000000780a00000)
  object space 21248K, 53% used [0x000000077b800000,0x000000077c324e20,0x000000077ccc0000)
}
Event: 329.516 GC heap before
{Heap before GC invocations=1250 (full 0):
 PSYoungGen      total 5760K, used 5664K [0x00000007d58b0000, 0x00000007d5e80000, 0x0000000800000000)
  eden space 5568K, 100% used [0x00000007d58b0000,0x00000007d5e20000,0x00000007d5e20000)
  from space 192K, 50% used [0x00000007d5e20000,0x00000007d5e38000,0x00000007d5e50000)
  to   space 192K, 0% used [0x00000007d5e50000,0x00000007d5e50000,0x00000007d5e80000)
 ParOldGen       total 86976K, used 25591K [0x0000000780a00000, 0x0000000785ef0000, 0x00000007d58b0000)
  object space 86976K, 29% used [0x0000000780a00000,0x00000007822fdfb0,0x0000000785ef0000)
 PSPermGen       total 21248K, used 11411K [0x000000077b800000, 0x000000077ccc0000, 0x0000000780a00000)
  object space 21248K, 53% used [0x000000077b800000,0x000000077c324e20,0x000000077ccc0000)
Event: 329.517 GC heap after
Heap after GC invocations=1250 (full 0):
 PSYoungGen      total 5760K, used 128K [0x00000007d58b0000, 0x00000007d5e80000, 0x0000000800000000)
  eden space 5568K, 0% used [0x00000007d58b0000,0x00000007d58b0000,0x00000007d5e20000)
  from space 192K, 66% used [0x00000007d5e50000,0x00000007d5e70000,0x00000007d5e80000)
  to   space 192K, 0% used [0x00000007d5e20000,0x00000007d5e20000,0x00000007d5e50000)
 ParOldGen       total 86976K, used 25599K [0x0000000780a00000, 0x0000000785ef0000, 0x00000007d58b0000)
  object space 86976K, 29% used [0x0000000780a00000,0x00000007822fffb0,0x0000000785ef0000)
 PSPermGen       total 21248K, used 11411K [0x000000077b800000, 0x000000077ccc0000, 0x0000000780a00000)
  object space 21248K, 53% used [0x000000077b800000,0x000000077c324e20,0x000000077ccc0000)
}
Event: 329.699 GC heap before
{Heap before GC invocations=1251 (full 0):
 PSYoungGen      total 5760K, used 5696K [0x00000007d58b0000, 0x00000007d5e80000, 0x0000000800000000)
  eden space 5568K, 100% used [0x00000007d58b0000,0x00000007d5e20000,0x00000007d5e20000)
  from space 192K, 66% used [0x00000007d5e50000,0x00000007d5e70000,0x00000007d5e80000)
  to   space 192K, 0% used [0x00000007d5e20000,0x00000007d5e20000,0x00000007d5e50000)
 ParOldGen       total 86976K, used 25599K [0x0000000780a00000, 0x0000000785ef0000, 0x00000007d58b0000)
  object space 86976K, 29% used [0x0000000780a00000,0x00000007822fffb0,0x0000000785ef0000)
 PSPermGen       total 21248K, used 11411K [0x000000077b800000, 0x000000077ccc0000, 0x0000000780a00000)
  object space 21248K, 53% used [0x000000077b800000,0x000000077c324e20,0x000000077ccc0000)
Event: 329.699 GC heap after
Heap after GC invocations=1251 (full 0):
 PSYoungGen      total 5760K, used 96K [0x00000007d58b0000, 0x00000007d5e80000, 0x0000000800000000)
  eden space 5568K, 0% used [0x00000007d58b0000,0x00000007d58b0000,0x00000007d5e20000)
  from space 192K, 50% used [0x00000007d5e20000,0x00000007d5e38000,0x00000007d5e50000)
  to   space 192K, 0% used [0x00000007d5e50000,0x00000007d5e50000,0x00000007d5e80000)
 ParOldGen       total 86976K, used 25615K [0x0000000780a00000, 0x0000000785ef0000, 0x00000007d58b0000)
  object space 86976K, 29% used [0x0000000780a00000,0x0000000782303fb0,0x0000000785ef0000)
 PSPermGen       total 21248K, used 11411K [0x000000077b800000, 0x000000077ccc0000, 0x0000000780a00000)
  object space 21248K, 53% used [0x000000077b800000,0x000000077c324e20,0x000000077ccc0000)
}
Event: 329.866 GC heap before
{Heap before GC invocations=1252 (full 0):
 PSYoungGen      total 5760K, used 5664K [0x00000007d58b0000, 0x00000007d5e80000, 0x0000000800000000)
  eden space 5568K, 100% used [0x00000007d58b0000,0x00000007d5e20000,0x00000007d5e20000)
  from space 192K, 50% used [0x00000007d5e20000,0x00000007d5e38000,0x00000007d5e50000)
  to   space 192K, 0% used [0x00000007d5e50000,0x00000007d5e50000,0x00000007d5e80000)
 ParOldGen       total 86976K, used 25615K [0x0000000780a00000, 0x0000000785ef0000, 0x00000007d58b0000)
  object space 86976K, 29% used [0x0000000780a00000,0x0000000782303fb0,0x0000000785ef0000)
 PSPermGen       total 21248K, used 11411K [0x000000077b800000, 0x000000077ccc0000, 0x0000000780a00000)
  object space 21248K, 53% used [0x000000077b800000,0x000000077c324e20,0x000000077ccc0000)
Event: 329.867 GC heap after
Heap after GC invocations=1252 (full 0):
 PSYoungGen      total 5760K, used 96K [0x00000007d58b0000, 0x00000007d5e80000, 0x0000000800000000)
  eden space 5568K, 0% used [0x00000007d58b0000,0x00000007d58b0000,0x00000007d5e20000)
  from space 192K, 50% used [0x00000007d5e50000,0x00000007d5e68000,0x00000007d5e80000)
  to   space 192K, 0% used [0x00000007d5e20000,0x00000007d5e20000,0x00000007d5e50000)
 ParOldGen       total 86976K, used 25631K [0x0000000780a00000, 0x0000000785ef0000, 0x00000007d58b0000)
  object space 86976K, 29% used [0x0000000780a00000,0x0000000782307fb0,0x0000000785ef0000)
 PSPermGen       total 21248K, used 11411K [0x000000077b800000, 0x000000077ccc0000, 0x0000000780a00000)
  object space 21248K, 53% used [0x000000077b800000,0x000000077c324e20,0x000000077ccc0000)
}
Event: 330.049 GC heap before
{Heap before GC invocations=1253 (full 0):
 PSYoungGen      total 5760K, used 5664K [0x00000007d58b0000, 0x00000007d5e80000, 0x0000000800000000)
  eden space 5568K, 100% used [0x00000007d58b0000,0x00000007d5e20000,0x00000007d5e20000)
  from space 192K, 50% used [0x00000007d5e50000,0x00000007d5e68000,0x00000007d5e80000)
  to   space 192K, 0% used [0x00000007d5e20000,0x00000007d5e20000,0x00000007d5e50000)
 ParOldGen       total 86976K, used 25631K [0x0000000780a00000, 0x0000000785ef0000, 0x00000007d58b0000)
  object space 86976K, 29% used [0x0000000780a00000,0x0000000782307fb0,0x0000000785ef0000)
 PSPermGen       total 21248K, used 11411K [0x000000077b800000, 0x000000077ccc0000, 0x0000000780a00000)
  object space 21248K, 53% used [0x000000077b800000,0x000000077c324e20,0x000000077ccc0000)
Event: 330.049 GC heap after
Heap after GC invocations=1253 (full 0):
 PSYoungGen      total 5760K, used 96K [0x00000007d58b0000, 0x00000007d5e80000, 0x0000000800000000)
  eden space 5568K, 0% used [0x00000007d58b0000,0x00000007d58b0000,0x00000007d5e20000)
  from space 192K, 50% used [0x00000007d5e20000,0x00000007d5e38000,0x00000007d5e50000)
  to   space 192K, 0% used [0x00000007d5e50000,0x00000007d5e50000,0x00000007d5e80000)
 ParOldGen       total 86976K, used 25647K [0x0000000780a00000, 0x0000000785ef0000, 0x00000007d58b0000)
  object space 86976K, 29% used [0x0000000780a00000,0x000000078230bfb0,0x0000000785ef0000)
 PSPermGen       total 21248K, used 11411K [0x000000077b800000, 0x000000077ccc0000, 0x0000000780a00000)
  object space 21248K, 53% used [0x000000077b800000,0x000000077c324e20,0x000000077ccc0000)
}

