# JRE version: 7.0_17-b02
# Java VM: Java HotSpot(TM) 64-Bit Server VM (23.7-b01 mixed mode windows-amd64 compressed oops)
Heap
 PSYoungGen      total 34432K, used 2158K [0x00000000eb160000, 0x00000000f00e0000, 0x0000000100000000)
  eden space 34304K, 6% used [0x00000000eb160000,0x00000000eb363970,0x00000000ed2e0000)
  from space 128K, 75% used [0x00000000f00c0000,0x00000000f00d8000,0x00000000f00e0000)
  to   space 5120K, 0% used [0x00000000ef6e0000,0x00000000ef6e0000,0x00000000efbe0000)
 ParOldGen       total 42816K, used 13199K [0x00000000c1400000, 0x00000000c3dd0000, 0x00000000eb160000)
  object space 42816K, 30% used [0x00000000c1400000,0x00000000c20e3fb8,0x00000000c3dd0000)
 PSPermGen       total 21248K, used 18618K [0x00000000bc200000, 0x00000000bd6c0000, 0x00000000c1400000)
  object space 21248K, 87% used [0x00000000bc200000,0x00000000bd42eb90,0x00000000bd6c0000)
GC Heap History (10 events):
Event: 175.303 GC heap before
{Heap before GC invocations=18 (full 0):
 PSYoungGen      total 47552K, used 40864K [0x00000000eb160000, 0x00000000f1210000, 0x0000000100000000)
  eden space 40768K, 100% used [0x00000000eb160000,0x00000000ed930000,0x00000000ed930000)
  from space 6784K, 1% used [0x00000000f04f0000,0x00000000f0508000,0x00000000f0b90000)
  to   space 6528K, 0% used [0x00000000f0bb0000,0x00000000f0bb0000,0x00000000f1210000)
 ParOldGen       total 42816K, used 13119K [0x00000000c1400000, 0x00000000c3dd0000, 0x00000000eb160000)
  object space 42816K, 30% used [0x00000000c1400000,0x00000000c20cffb8,0x00000000c3dd0000)
 PSPermGen       total 21248K, used 18607K [0x00000000bc200000, 0x00000000bd6c0000, 0x00000000c1400000)
  object space 21248K, 87% used [0x00000000bc200000,0x00000000bd42bca8,0x00000000bd6c0000)
Event: 175.304 GC heap after
Heap after GC invocations=18 (full 0):
 PSYoungGen      total 39552K, used 160K [0x00000000eb160000, 0x00000000f0be0000, 0x0000000100000000)
  eden space 39360K, 0% used [0x00000000eb160000,0x00000000eb160000,0x00000000ed7d0000)
  from space 192K, 83% used [0x00000000f0bb0000,0x00000000f0bd8000,0x00000000f0be0000)
  to   space 6208K, 0% used [0x00000000effc0000,0x00000000effc0000,0x00000000f05d0000)
 ParOldGen       total 42816K, used 13151K [0x00000000c1400000, 0x00000000c3dd0000, 0x00000000eb160000)
  object space 42816K, 30% used [0x00000000c1400000,0x00000000c20d7fb8,0x00000000c3dd0000)
 PSPermGen       total 21248K, used 18607K [0x00000000bc200000, 0x00000000bd6c0000, 0x00000000c1400000)
  object space 21248K, 87% used [0x00000000bc200000,0x00000000bd42bca8,0x00000000bd6c0000)
}
Event: 184.522 GC heap before
{Heap before GC invocations=19 (full 0):
 PSYoungGen      total 39552K, used 39520K [0x00000000eb160000, 0x00000000f0be0000, 0x0000000100000000)
  eden space 39360K, 100% used [0x00000000eb160000,0x00000000ed7d0000,0x00000000ed7d0000)
  from space 192K, 83% used [0x00000000f0bb0000,0x00000000f0bd8000,0x00000000f0be0000)
  to   space 6208K, 0% used [0x00000000effc0000,0x00000000effc0000,0x00000000f05d0000)
 ParOldGen       total 42816K, used 13151K [0x00000000c1400000, 0x00000000c3dd0000, 0x00000000eb160000)
  object space 42816K, 30% used [0x00000000c1400000,0x00000000c20d7fb8,0x00000000c3dd0000)
 PSPermGen       total 21248K, used 18616K [0x00000000bc200000, 0x00000000bd6c0000, 0x00000000c1400000)
  object space 21248K, 87% used [0x00000000bc200000,0x00000000bd42e3d0,0x00000000bd6c0000)
Event: 184.523 GC heap after
Heap after GC invocations=19 (full 0):
 PSYoungGen      total 44224K, used 96K [0x00000000eb160000, 0x00000000f0bc0000, 0x0000000100000000)
  eden space 38016K, 0% used [0x00000000eb160000,0x00000000eb160000,0x00000000ed680000)
  from space 6208K, 1% used [0x00000000effc0000,0x00000000effd8000,0x00000000f05d0000)
  to   space 5952K, 0% used [0x00000000f05f0000,0x00000000f05f0000,0x00000000f0bc0000)
 ParOldGen       total 42816K, used 13151K [0x00000000c1400000, 0x00000000c3dd0000, 0x00000000eb160000)
  object space 42816K, 30% used [0x00000000c1400000,0x00000000c20d7fb8,0x00000000c3dd0000)
 PSPermGen       total 21248K, used 18616K [0x00000000bc200000, 0x00000000bd6c0000, 0x00000000c1400000)
  object space 21248K, 87% used [0x00000000bc200000,0x00000000bd42e3d0,0x00000000bd6c0000)
}
Event: 193.398 GC heap before
{Heap before GC invocations=20 (full 0):
 PSYoungGen      total 44224K, used 38112K [0x00000000eb160000, 0x00000000f0bc0000, 0x0000000100000000)
  eden space 38016K, 100% used [0x00000000eb160000,0x00000000ed680000,0x00000000ed680000)
  from space 6208K, 1% used [0x00000000effc0000,0x00000000effd8000,0x00000000f05d0000)
  to   space 5952K, 0% used [0x00000000f05f0000,0x00000000f05f0000,0x00000000f0bc0000)
 ParOldGen       total 42816K, used 13151K [0x00000000c1400000, 0x00000000c3dd0000, 0x00000000eb160000)
  object space 42816K, 30% used [0x00000000c1400000,0x00000000c20d7fb8,0x00000000c3dd0000)
 PSPermGen       total 21248K, used 18616K [0x00000000bc200000, 0x00000000bd6c0000, 0x00000000c1400000)
  object space 21248K, 87% used [0x00000000bc200000,0x00000000bd42e3d0,0x00000000bd6c0000)
Event: 193.399 GC heap after
Heap after GC invocations=20 (full 0):
 PSYoungGen      total 36864K, used 128K [0x00000000eb160000, 0x00000000f0610000, 0x0000000100000000)
  eden space 36736K, 0% used [0x00000000eb160000,0x00000000eb160000,0x00000000ed540000)
  from space 128K, 100% used [0x00000000f05f0000,0x00000000f0610000,0x00000000f0610000)
  to   space 5696K, 0% used [0x00000000efaf0000,0x00000000efaf0000,0x00000000f0080000)
 ParOldGen       total 42816K, used 13159K [0x00000000c1400000, 0x00000000c3dd0000, 0x00000000eb160000)
  object space 42816K, 30% used [0x00000000c1400000,0x00000000c20d9fb8,0x00000000c3dd0000)
 PSPermGen       total 21248K, used 18616K [0x00000000bc200000, 0x00000000bd6c0000, 0x00000000c1400000)
  object space 21248K, 87% used [0x00000000bc200000,0x00000000bd42e3d0,0x00000000bd6c0000)
}
Event: 201.932 GC heap before
{Heap before GC invocations=21 (full 0):
 PSYoungGen      total 36864K, used 36864K [0x00000000eb160000, 0x00000000f0610000, 0x0000000100000000)
  eden space 36736K, 100% used [0x00000000eb160000,0x00000000ed540000,0x00000000ed540000)
  from space 128K, 100% used [0x00000000f05f0000,0x00000000f0610000,0x00000000f0610000)
  to   space 5696K, 0% used [0x00000000efaf0000,0x00000000efaf0000,0x00000000f0080000)
 ParOldGen       total 42816K, used 13159K [0x00000000c1400000, 0x00000000c3dd0000, 0x00000000eb160000)
  object space 42816K, 30% used [0x00000000c1400000,0x00000000c20d9fb8,0x00000000c3dd0000)
 PSPermGen       total 21248K, used 18617K [0x00000000bc200000, 0x00000000bd6c0000, 0x00000000c1400000)
  object space 21248K, 87% used [0x00000000bc200000,0x00000000bd42e600,0x00000000bd6c0000)
Event: 201.933 GC heap after
Heap after GC invocations=21 (full 0):
 PSYoungGen      total 41216K, used 96K [0x00000000eb160000, 0x00000000f0600000, 0x0000000100000000)
  eden space 35520K, 0% used [0x00000000eb160000,0x00000000eb160000,0x00000000ed410000)
  from space 5696K, 1% used [0x00000000efaf0000,0x00000000efb08000,0x00000000f0080000)
  to   space 5376K, 0% used [0x00000000f00c0000,0x00000000f00c0000,0x00000000f0600000)
 ParOldGen       total 42816K, used 13175K [0x00000000c1400000, 0x00000000c3dd0000, 0x00000000eb160000)
  object space 42816K, 30% used [0x00000000c1400000,0x00000000c20ddfb8,0x00000000c3dd0000)
 PSPermGen       total 21248K, used 18617K [0x00000000bc200000, 0x00000000bd6c0000, 0x00000000c1400000)
  object space 21248K, 87% used [0x00000000bc200000,0x00000000bd42e600,0x00000000bd6c0000)
}
Event: 210.215 GC heap before
{Heap before GC invocations=22 (full 0):
 PSYoungGen      total 41216K, used 35616K [0x00000000eb160000, 0x00000000f0600000, 0x0000000100000000)
  eden space 35520K, 100% used [0x00000000eb160000,0x00000000ed410000,0x00000000ed410000)
  from space 5696K, 1% used [0x00000000efaf0000,0x00000000efb08000,0x00000000f0080000)
  to   space 5376K, 0% used [0x00000000f00c0000,0x00000000f00c0000,0x00000000f0600000)
 ParOldGen       total 42816K, used 13175K [0x00000000c1400000, 0x00000000c3dd0000, 0x00000000eb160000)
  object space 42816K, 30% used [0x00000000c1400000,0x00000000c20ddfb8,0x00000000c3dd0000)
 PSPermGen       total 21248K, used 18618K [0x00000000bc200000, 0x00000000bd6c0000, 0x00000000c1400000)
  object space 21248K, 87% used [0x00000000bc200000,0x00000000bd42eb90,0x00000000bd6c0000)
Event: 210.216 GC heap after
Heap after GC invocations=22 (full 0):
 PSYoungGen      total 34432K, used 96K [0x00000000eb160000, 0x00000000f00e0000, 0x0000000100000000)
  eden space 34304K, 0% used [0x00000000eb160000,0x00000000eb160000,0x00000000ed2e0000)
  from space 128K, 75% used [0x00000000f00c0000,0x00000000f00d8000,0x00000000f00e0000)
  to   space 5120K, 0% used [0x00000000ef6e0000,0x00000000ef6e0000,0x00000000efbe0000)
 ParOldGen       total 42816K, used 13199K [0x00000000c1400000, 0x00000000c3dd0000, 0x00000000eb160000)
  object space 42816K, 30% used [0x00000000c1400000,0x00000000c20e3fb8,0x00000000c3dd0000)
 PSPermGen       total 21248K, used 18618K [0x00000000bc200000, 0x00000000bd6c0000, 0x00000000c1400000)
  object space 21248K, 87% used [0x00000000bc200000,0x00000000bd42eb90,0x00000000bd6c0000)
}

