# JRE version: 7.0_15-b03
# Java VM: Java HotSpot(TM) 64-Bit Server VM (23.7-b01 mixed mode windows-amd64 compressed oops)
Heap
 PSYoungGen      total 52416K, used 41845K [0x00000007c0360000, 0x00000007c6680000, 0x0000000800000000)
  eden space 49024K, 78% used [0x00000007c0360000,0x00000007c28f7478,0x00000007c3340000)
  from space 3392K, 98% used [0x00000007c6330000,0x00000007c6676310,0x00000007c6680000)
  to   space 8128K, 0% used [0x00000007c56a0000,0x00000007c56a0000,0x00000007c5e90000)
 ParOldGen       total 130688K, used 16K [0x0000000740a00000, 0x00000007489a0000, 0x00000007c0360000)
  object space 130688K, 0% used [0x0000000740a00000,0x0000000740a04000,0x00000007489a0000)
 PSPermGen       total 21248K, used 16316K [0x000000073b800000, 0x000000073ccc0000, 0x0000000740a00000)
  object space 21248K, 76% used [0x000000073b800000,0x000000073c7ef1f0,0x000000073ccc0000)
GC Heap History (8 events):
Event: 1.028 GC heap before
{Heap before GC invocations=1 (full 0):
 PSYoungGen      total 57152K, used 37349K [0x00000007c0360000, 0x00000007c4320000, 0x0000000800000000)
  eden space 49024K, 76% used [0x00000007c0360000,0x00000007c27d9730,0x00000007c3340000)
  from space 8128K, 0% used [0x00000007c3b30000,0x00000007c3b30000,0x00000007c4320000)
  to   space 8128K, 0% used [0x00000007c3340000,0x00000007c3340000,0x00000007c3b30000)
 ParOldGen       total 130688K, used 0K [0x0000000740a00000, 0x00000007489a0000, 0x00000007c0360000)
  object space 130688K, 0% used [0x0000000740a00000,0x0000000740a00000,0x00000007489a0000)
 PSPermGen       total 21248K, used 15718K [0x000000073b800000, 0x000000073ccc0000, 0x0000000740a00000)
  object space 21248K, 73% used [0x000000073b800000,0x000000073c759ac8,0x000000073ccc0000)
Event: 1.039 GC heap after
Heap after GC invocations=1 (full 0):
 PSYoungGen      total 57152K, used 5872K [0x00000007c0360000, 0x00000007c7300000, 0x0000000800000000)
  eden space 49024K, 0% used [0x00000007c0360000,0x00000007c0360000,0x00000007c3340000)
  from space 8128K, 72% used [0x00000007c3340000,0x00000007c38fc080,0x00000007c3b30000)
  to   space 8128K, 0% used [0x00000007c6b10000,0x00000007c6b10000,0x00000007c7300000)
 ParOldGen       total 130688K, used 8K [0x0000000740a00000, 0x00000007489a0000, 0x00000007c0360000)
  object space 130688K, 0% used [0x0000000740a00000,0x0000000740a02000,0x00000007489a0000)
 PSPermGen       total 21248K, used 15718K [0x000000073b800000, 0x000000073ccc0000, 0x0000000740a00000)
  object space 21248K, 73% used [0x000000073b800000,0x000000073c759ac8,0x000000073ccc0000)
}
Event: 4.000 GC heap before
{Heap before GC invocations=2 (full 0):
 PSYoungGen      total 57152K, used 54896K [0x00000007c0360000, 0x00000007c7300000, 0x0000000800000000)
  eden space 49024K, 100% used [0x00000007c0360000,0x00000007c3340000,0x00000007c3340000)
  from space 8128K, 72% used [0x00000007c3340000,0x00000007c38fc080,0x00000007c3b30000)
  to   space 8128K, 0% used [0x00000007c6b10000,0x00000007c6b10000,0x00000007c7300000)
 ParOldGen       total 130688K, used 8K [0x0000000740a00000, 0x00000007489a0000, 0x00000007c0360000)
  object space 130688K, 0% used [0x0000000740a00000,0x0000000740a02000,0x00000007489a0000)
 PSPermGen       total 21248K, used 16222K [0x000000073b800000, 0x000000073ccc0000, 0x0000000740a00000)
  object space 21248K, 76% used [0x000000073b800000,0x000000073c7d7890,0x000000073ccc0000)
Event: 4.004 GC heap after
Heap after GC invocations=2 (full 0):
 PSYoungGen      total 52352K, used 3272K [0x00000007c0360000, 0x00000007c6e50000, 0x0000000800000000)
  eden space 49024K, 0% used [0x00000007c0360000,0x00000007c0360000,0x00000007c3340000)
  from space 3328K, 98% used [0x00000007c6b10000,0x00000007c6e42280,0x00000007c6e50000)
  to   space 8128K, 0% used [0x00000007c5e70000,0x00000007c5e70000,0x00000007c6660000)
 ParOldGen       total 130688K, used 16K [0x0000000740a00000, 0x00000007489a0000, 0x00000007c0360000)
  object space 130688K, 0% used [0x0000000740a00000,0x0000000740a04000,0x00000007489a0000)
 PSPermGen       total 21248K, used 16222K [0x000000073b800000, 0x000000073ccc0000, 0x0000000740a00000)
  object space 21248K, 76% used [0x000000073b800000,0x000000073c7d7890,0x000000073ccc0000)
}
Event: 7.748 GC heap before
{Heap before GC invocations=3 (full 0):
 PSYoungGen      total 52352K, used 52296K [0x00000007c0360000, 0x00000007c6e50000, 0x0000000800000000)
  eden space 49024K, 100% used [0x00000007c0360000,0x00000007c3340000,0x00000007c3340000)
  from space 3328K, 98% used [0x00000007c6b10000,0x00000007c6e42280,0x00000007c6e50000)
  to   space 8128K, 0% used [0x00000007c5e70000,0x00000007c5e70000,0x00000007c6660000)
 ParOldGen       total 130688K, used 16K [0x0000000740a00000, 0x00000007489a0000, 0x00000007c0360000)
  object space 130688K, 0% used [0x0000000740a00000,0x0000000740a04000,0x00000007489a0000)
 PSPermGen       total 21248K, used 16278K [0x000000073b800000, 0x000000073ccc0000, 0x0000000740a00000)
  object space 21248K, 76% used [0x000000073b800000,0x000000073c7e5ad8,0x000000073ccc0000)
Event: 7.752 GC heap after
Heap after GC invocations=3 (full 0):
 PSYoungGen      total 52352K, used 3304K [0x00000007c0360000, 0x00000007c6b20000, 0x0000000800000000)
  eden space 49024K, 0% used [0x00000007c0360000,0x00000007c0360000,0x00000007c3340000)
  from space 3328K, 99% used [0x00000007c5e70000,0x00000007c61aa3a0,0x00000007c61b0000)
  to   space 8128K, 0% used [0x00000007c6330000,0x00000007c6330000,0x00000007c6b20000)
 ParOldGen       total 130688K, used 16K [0x0000000740a00000, 0x00000007489a0000, 0x00000007c0360000)
  object space 130688K, 0% used [0x0000000740a00000,0x0000000740a04000,0x00000007489a0000)
 PSPermGen       total 21248K, used 16278K [0x000000073b800000, 0x000000073ccc0000, 0x0000000740a00000)
  object space 21248K, 76% used [0x000000073b800000,0x000000073c7e5ad8,0x000000073ccc0000)
}
Event: 11.613 GC heap before
{Heap before GC invocations=4 (full 0):
 PSYoungGen      total 52352K, used 52328K [0x00000007c0360000, 0x00000007c6b20000, 0x0000000800000000)
  eden space 49024K, 100% used [0x00000007c0360000,0x00000007c3340000,0x00000007c3340000)
  from space 3328K, 99% used [0x00000007c5e70000,0x00000007c61aa3a0,0x00000007c61b0000)
  to   space 8128K, 0% used [0x00000007c6330000,0x00000007c6330000,0x00000007c6b20000)
 ParOldGen       total 130688K, used 16K [0x0000000740a00000, 0x00000007489a0000, 0x00000007c0360000)
  object space 130688K, 0% used [0x0000000740a00000,0x0000000740a04000,0x00000007489a0000)
 PSPermGen       total 21248K, used 16303K [0x000000073b800000, 0x000000073ccc0000, 0x0000000740a00000)
  object space 21248K, 76% used [0x000000073b800000,0x000000073c7ebf48,0x000000073ccc0000)
Event: 11.617 GC heap after
Heap after GC invocations=4 (full 0):
 PSYoungGen      total 52416K, used 3352K [0x00000007c0360000, 0x00000007c6680000, 0x0000000800000000)
  eden space 49024K, 0% used [0x00000007c0360000,0x00000007c0360000,0x00000007c3340000)
  from space 3392K, 98% used [0x00000007c6330000,0x00000007c6676310,0x00000007c6680000)
  to   space 8128K, 0% used [0x00000007c56a0000,0x00000007c56a0000,0x00000007c5e90000)
 ParOldGen       total 130688K, used 16K [0x0000000740a00000, 0x00000007489a0000, 0x00000007c0360000)
  object space 130688K, 0% used [0x0000000740a00000,0x0000000740a04000,0x00000007489a0000)
 PSPermGen       total 21248K, used 16303K [0x000000073b800000, 0x000000073ccc0000, 0x0000000740a00000)
  object space 21248K, 76% used [0x000000073b800000,0x000000073c7ebf48,0x000000073ccc0000)
}

