# JRE version: 7.0_15-b03
# Java VM: Java HotSpot(TM) 64-Bit Server VM (23.7-b01 mixed mode windows-amd64 compressed oops)
Heap
 PSYoungGen      total 51072K, used 22266K [0x00000007c0360000, 0x00000007c3c10000, 0x0000000800000000)
  eden space 46656K, 40% used [0x00000007c0360000,0x00000007c15e47e8,0x00000007c30f0000)
  from space 4416K, 74% used [0x00000007c37c0000,0x00000007c3afa3a0,0x00000007c3c10000)
  to   space 5696K, 0% used [0x00000007c30f0000,0x00000007c30f0000,0x00000007c3680000)
 ParOldGen       total 130688K, used 40K [0x0000000740a00000, 0x00000007489a0000, 0x00000007c0360000)
  object space 130688K, 0% used [0x0000000740a00000,0x0000000740a0a000,0x00000007489a0000)
 PSPermGen       total 21248K, used 16345K [0x000000073b800000, 0x000000073ccc0000, 0x0000000740a00000)
  object space 21248K, 76% used [0x000000073b800000,0x000000073c7f6688,0x000000073ccc0000)
GC Heap History (10 events):
Event: 4.040 GC heap before
{Heap before GC invocations=2 (full 0):
 PSYoungGen      total 57152K, used 54912K [0x00000007c0360000, 0x00000007c4320000, 0x0000000800000000)
  eden space 49024K, 100% used [0x00000007c0360000,0x00000007c3340000,0x00000007c3340000)
  from space 8128K, 72% used [0x00000007c3340000,0x00000007c39000b0,0x00000007c3b30000)
  to   space 8128K, 0% used [0x00000007c3b30000,0x00000007c3b30000,0x00000007c4320000)
 ParOldGen       total 130688K, used 8K [0x0000000740a00000, 0x00000007489a0000, 0x00000007c0360000)
  object space 130688K, 0% used [0x0000000740a00000,0x0000000740a02000,0x00000007489a0000)
 PSPermGen       total 21248K, used 16219K [0x000000073b800000, 0x000000073ccc0000, 0x0000000740a00000)
  object space 21248K, 76% used [0x000000073b800000,0x000000073c7d6f48,0x000000073ccc0000)
Event: 4.045 GC heap after
Heap after GC invocations=2 (full 0):
 PSYoungGen      total 57152K, used 3368K [0x00000007c0360000, 0x00000007c4320000, 0x0000000800000000)
  eden space 49024K, 0% used [0x00000007c0360000,0x00000007c0360000,0x00000007c3340000)
  from space 8128K, 41% used [0x00000007c3b30000,0x00000007c3e7a320,0x00000007c4320000)
  to   space 8128K, 0% used [0x00000007c3340000,0x00000007c3340000,0x00000007c3b30000)
 ParOldGen       total 130688K, used 24K [0x0000000740a00000, 0x00000007489a0000, 0x00000007c0360000)
  object space 130688K, 0% used [0x0000000740a00000,0x0000000740a06000,0x00000007489a0000)
 PSPermGen       total 21248K, used 16219K [0x000000073b800000, 0x000000073ccc0000, 0x0000000740a00000)
  object space 21248K, 76% used [0x000000073b800000,0x000000073c7d6f48,0x000000073ccc0000)
}
Event: 7.771 GC heap before
{Heap before GC invocations=3 (full 0):
 PSYoungGen      total 57152K, used 52392K [0x00000007c0360000, 0x00000007c4320000, 0x0000000800000000)
  eden space 49024K, 100% used [0x00000007c0360000,0x00000007c3340000,0x00000007c3340000)
  from space 8128K, 41% used [0x00000007c3b30000,0x00000007c3e7a320,0x00000007c4320000)
  to   space 8128K, 0% used [0x00000007c3340000,0x00000007c3340000,0x00000007c3b30000)
 ParOldGen       total 130688K, used 24K [0x0000000740a00000, 0x00000007489a0000, 0x00000007c0360000)
  object space 130688K, 0% used [0x0000000740a00000,0x0000000740a06000,0x00000007489a0000)
 PSPermGen       total 21248K, used 16276K [0x000000073b800000, 0x000000073ccc0000, 0x0000000740a00000)
  object space 21248K, 76% used [0x000000073b800000,0x000000073c7e52e8,0x000000073ccc0000)
Event: 7.776 GC heap after
Heap after GC invocations=3 (full 0):
 PSYoungGen      total 57152K, used 3304K [0x00000007c0360000, 0x00000007c4320000, 0x0000000800000000)
  eden space 49024K, 0% used [0x00000007c0360000,0x00000007c0360000,0x00000007c3340000)
  from space 8128K, 40% used [0x00000007c3340000,0x00000007c367a3a0,0x00000007c3b30000)
  to   space 8128K, 0% used [0x00000007c3b30000,0x00000007c3b30000,0x00000007c4320000)
 ParOldGen       total 130688K, used 32K [0x0000000740a00000, 0x00000007489a0000, 0x00000007c0360000)
  object space 130688K, 0% used [0x0000000740a00000,0x0000000740a08000,0x00000007489a0000)
 PSPermGen       total 21248K, used 16276K [0x000000073b800000, 0x000000073ccc0000, 0x0000000740a00000)
  object space 21248K, 76% used [0x000000073b800000,0x000000073c7e52e8,0x000000073ccc0000)
}
Event: 11.621 GC heap before
{Heap before GC invocations=4 (full 0):
 PSYoungGen      total 57152K, used 52328K [0x00000007c0360000, 0x00000007c4320000, 0x0000000800000000)
  eden space 49024K, 100% used [0x00000007c0360000,0x00000007c3340000,0x00000007c3340000)
  from space 8128K, 40% used [0x00000007c3340000,0x00000007c367a3a0,0x00000007c3b30000)
  to   space 8128K, 0% used [0x00000007c3b30000,0x00000007c3b30000,0x00000007c4320000)
 ParOldGen       total 130688K, used 32K [0x0000000740a00000, 0x00000007489a0000, 0x00000007c0360000)
  object space 130688K, 0% used [0x0000000740a00000,0x0000000740a08000,0x00000007489a0000)
 PSPermGen       total 21248K, used 16301K [0x000000073b800000, 0x000000073ccc0000, 0x0000000740a00000)
  object space 21248K, 76% used [0x000000073b800000,0x000000073c7eb718,0x000000073ccc0000)
Event: 11.625 GC heap after
Heap after GC invocations=4 (full 0):
 PSYoungGen      total 57152K, used 3352K [0x00000007c0360000, 0x00000007c4320000, 0x0000000800000000)
  eden space 49024K, 0% used [0x00000007c0360000,0x00000007c0360000,0x00000007c3340000)
  from space 8128K, 41% used [0x00000007c3b30000,0x00000007c3e76310,0x00000007c4320000)
  to   space 8128K, 0% used [0x00000007c3340000,0x00000007c3340000,0x00000007c3b30000)
 ParOldGen       total 130688K, used 32K [0x0000000740a00000, 0x00000007489a0000, 0x00000007c0360000)
  object space 130688K, 0% used [0x0000000740a00000,0x0000000740a08000,0x00000007489a0000)
 PSPermGen       total 21248K, used 16301K [0x000000073b800000, 0x000000073ccc0000, 0x0000000740a00000)
  object space 21248K, 76% used [0x000000073b800000,0x000000073c7eb718,0x000000073ccc0000)
}
Event: 15.454 GC heap before
{Heap before GC invocations=5 (full 0):
 PSYoungGen      total 57152K, used 52376K [0x00000007c0360000, 0x00000007c4320000, 0x0000000800000000)
  eden space 49024K, 100% used [0x00000007c0360000,0x00000007c3340000,0x00000007c3340000)
  from space 8128K, 41% used [0x00000007c3b30000,0x00000007c3e76310,0x00000007c4320000)
  to   space 8128K, 0% used [0x00000007c3340000,0x00000007c3340000,0x00000007c3b30000)
 ParOldGen       total 130688K, used 32K [0x0000000740a00000, 0x00000007489a0000, 0x00000007c0360000)
  object space 130688K, 0% used [0x0000000740a00000,0x0000000740a08000,0x00000007489a0000)
 PSPermGen       total 21248K, used 16322K [0x000000073b800000, 0x000000073ccc0000, 0x0000000740a00000)
  object space 21248K, 76% used [0x000000073b800000,0x000000073c7f0800,0x000000073ccc0000)
Event: 15.458 GC heap after
Heap after GC invocations=5 (full 0):
 PSYoungGen      total 51200K, used 3384K [0x00000007c0360000, 0x00000007c3d70000, 0x0000000800000000)
  eden space 47808K, 0% used [0x00000007c0360000,0x00000007c0360000,0x00000007c3210000)
  from space 3392K, 99% used [0x00000007c3340000,0x00000007c368e310,0x00000007c3690000)
  to   space 5824K, 0% used [0x00000007c37c0000,0x00000007c37c0000,0x00000007c3d70000)
 ParOldGen       total 130688K, used 40K [0x0000000740a00000, 0x00000007489a0000, 0x00000007c0360000)
  object space 130688K, 0% used [0x0000000740a00000,0x0000000740a0a000,0x00000007489a0000)
 PSPermGen       total 21248K, used 16322K [0x000000073b800000, 0x000000073ccc0000, 0x0000000740a00000)
  object space 21248K, 76% used [0x000000073b800000,0x000000073c7f0800,0x000000073ccc0000)
}
Event: 19.206 GC heap before
{Heap before GC invocations=6 (full 0):
 PSYoungGen      total 51200K, used 51192K [0x00000007c0360000, 0x00000007c3d70000, 0x0000000800000000)
  eden space 47808K, 100% used [0x00000007c0360000,0x00000007c3210000,0x00000007c3210000)
  from space 3392K, 99% used [0x00000007c3340000,0x00000007c368e310,0x00000007c3690000)
  to   space 5824K, 0% used [0x00000007c37c0000,0x00000007c37c0000,0x00000007c3d70000)
 ParOldGen       total 130688K, used 40K [0x0000000740a00000, 0x00000007489a0000, 0x00000007c0360000)
  object space 130688K, 0% used [0x0000000740a00000,0x0000000740a0a000,0x00000007489a0000)
 PSPermGen       total 21248K, used 16342K [0x000000073b800000, 0x000000073ccc0000, 0x0000000740a00000)
  object space 21248K, 76% used [0x000000073b800000,0x000000073c7f59d8,0x000000073ccc0000)
Event: 19.210 GC heap after
Heap after GC invocations=6 (full 0):
 PSYoungGen      total 51072K, used 3304K [0x00000007c0360000, 0x00000007c3c10000, 0x0000000800000000)
  eden space 46656K, 0% used [0x00000007c0360000,0x00000007c0360000,0x00000007c30f0000)
  from space 4416K, 74% used [0x00000007c37c0000,0x00000007c3afa3a0,0x00000007c3c10000)
  to   space 5696K, 0% used [0x00000007c30f0000,0x00000007c30f0000,0x00000007c3680000)
 ParOldGen       total 130688K, used 40K [0x0000000740a00000, 0x00000007489a0000, 0x00000007c0360000)
  object space 130688K, 0% used [0x0000000740a00000,0x0000000740a0a000,0x00000007489a0000)
 PSPermGen       total 21248K, used 16342K [0x000000073b800000, 0x000000073ccc0000, 0x0000000740a00000)
  object space 21248K, 76% used [0x000000073b800000,0x000000073c7f59d8,0x000000073ccc0000)
}

